<?xml version="1.0" encoding="UTF-8"?>
<!-- Generated by org.testng.reporters.JUnitReportReporter -->
<testsuite hostname="DEEJAYDONNAA" failures="0" tests="1" name="TestJava.ForgetPasswordTest" time="1.594" errors="0" timestamp="2022-07-16T11:02:07 IST" skipped="0">
  <testcase classname="TestJava.ForgetPasswordTest" name="VerifyForgotPasswordFunctionality" time="1.594"/>
  <system-out/>
</testsuite> <!-- TestJava.ForgetPasswordTest -->
