<?xml version="1.0" encoding="UTF-8"?>
<!-- Generated by org.testng.reporters.JUnitReportReporter -->
<testsuite hostname="DEEJAYDONNAA" failures="0" tests="3" name="TestJava.LoginePageTest" time="74.307" errors="0" timestamp="2022-08-09T00:24:02 IST" skipped="0">
  <testcase classname="TestJava.LoginePageTest" name="verifyurlOfPage" time="0.050"/>
  <system-out/>
  <testcase classname="TestJava.LoginePageTest" name="verifyTitleOfPage" time="0.013"/>
  <system-out/>
  <testcase classname="TestJava.LoginePageTest" name="VerifyLogineFunctionality" time="74.244"/>
  <system-out/>
</testsuite> <!-- TestJava.LoginePageTest -->
